<?xml version="1.0" encoding="UTF-8"?>
<testsuites name="jest tests" tests="2" failures="0" errors="0" time="1.302">
  <testsuite name="Backend Tests" errors="0" failures="0" skipped="0" timestamp="2025-05-31T17:32:36" time="1.123" tests="2">
    <testcase classname="Backend Tests Basic math test" name="Backend Tests Basic math test" time="0.007">
    </testcase>
    <testcase classname="Backend Tests String test" name="Backend Tests String test" time="0.002">
    </testcase>
  </testsuite>
</testsuites>